<?xml version="1.0" encoding="UTF-8"?>
<!-- Generated by org.testng.reporters.JUnitReportReporter -->
<testsuite skipped="0" hostname="DESKTOP-VDUHRSE" name="cucumberOptions.TestRunner" tests="10" failures="0" timestamp="2020-02-23T17:00:57 GMT" time="241.958" errors="0">
  <testcase name="runScenario" time="29.125" classname="cucumberOptions.TestRunner"/>
  <system-out/>
  <testcase name="runScenario" time="17.323" classname="cucumberOptions.TestRunner"/>
  <system-out/>
  <testcase name="runScenario" time="17.871" classname="cucumberOptions.TestRunner"/>
  <system-out/>
  <testcase name="runScenario" time="28.736" classname="cucumberOptions.TestRunner"/>
  <system-out/>
  <testcase name="runScenario" time="25.464" classname="cucumberOptions.TestRunner"/>
  <system-out/>
  <testcase name="runScenario" time="18.305" classname="cucumberOptions.TestRunner"/>
  <system-out/>
  <testcase name="runScenario" time="24.803" classname="cucumberOptions.TestRunner"/>
  <system-out/>
  <testcase name="runScenario" time="34.233" classname="cucumberOptions.TestRunner"/>
  <system-out/>
  <testcase name="runScenario" time="26.343" classname="cucumberOptions.TestRunner"/>
  <system-out/>
  <testcase name="runScenario" time="19.755" classname="cucumberOptions.TestRunner"/>
  <system-out/>
</testsuite> <!-- cucumberOptions.TestRunner -->
