<?xml version="1.0" encoding="UTF-8"?>
<!-- Generated by org.testng.reporters.JUnitReportReporter -->
<testsuite skipped="0" hostname="DESKTOP-VDUHRSE" name="cucumberOptions.TestRunner" tests="1" failures="0" timestamp="2020-02-22T23:06:40 GMT" time="21.331" errors="0">
  <testcase name="runScenario" time="21.331" classname="cucumberOptions.TestRunner"/>
  <system-out/>
</testsuite> <!-- cucumberOptions.TestRunner -->
