<?xml version="1.0" encoding="UTF-8"?>
<!-- Generated by org.testng.reporters.JUnitReportReporter -->
<testsuite skipped="0" hostname="DESKTOP-VDUHRSE" name="cucumberOptions.TestRunner" tests="1" failures="0" timestamp="2020-02-23T00:01:35 GMT" time="55.952" errors="0">
  <testcase name="runScenario" time="55.952" classname="cucumberOptions.TestRunner"/>
  <system-out/>
</testsuite> <!-- cucumberOptions.TestRunner -->
