<?xml version="1.0" encoding="UTF-8"?>
<!-- Generated by org.testng.reporters.JUnitReportReporter -->
<testsuite skipped="0" hostname="DESKTOP-VDUHRSE" name="cucumberOptions.TestRunner" tests="2" failures="0" timestamp="2020-02-23T01:02:51 GMT" time="48.072" errors="0">
  <testcase name="runScenario" time="24.288" classname="cucumberOptions.TestRunner"/>
  <system-out/>
  <testcase name="runScenario" time="23.784" classname="cucumberOptions.TestRunner"/>
  <system-out/>
</testsuite> <!-- cucumberOptions.TestRunner -->
